<?xml version="1.0" encoding="UTF-8"?>
<!-- Generated by org.testng.reporters.JUnitReportReporter -->
<testsuite hostname="PUNITP289549L" name="TestCases.HomeTest" tests="3" failures="0" timestamp="8 Jul 2020 12:46:28 GMT" time="5.013" errors="0">
  <testcase name="m1" time="4.974" classname="TestCases.HomeTest"/>
  <testcase name="validateURL" time="0.014" classname="TestCases.HomeTest"/>
  <testcase name="Validatetitle" time="0.025" classname="TestCases.HomeTest"/>
</testsuite> <!-- TestCases.HomeTest -->
