<?xml version="1.0" encoding="UTF-8"?>
<!-- Generated by org.testng.reporters.JUnitReportReporter -->
<testsuite hostname="PUNITP289549L" name="Base.Browser" tests="2" failures="0" timestamp="8 Jul 2020 11:58:24 GMT" time="0.046" errors="0">
  <testcase name="Validatetitle" time="0.029" classname="Base.Browser"/>
  <testcase name="validateURL" time="0.017" classname="Base.Browser"/>
</testsuite> <!-- Base.Browser -->
